<?xml version="1.0" encoding="UTF-8"?>
<testng-results ignored="0" total="2" passed="2" failed="0" skipped="0">
  <reporter-output>
  </reporter-output>
  <suite started-at="2023-07-15T05:01:20Z" name="Default suite" finished-at="2023-07-15T05:01:20Z" duration-ms="203">
    <groups>
    </groups>
    <test started-at="2023-07-15T05:01:20Z" name="Default test" finished-at="2023-07-15T05:01:20Z" duration-ms="203">
      <class name="oauthTest.GetStudents">
        <test-method signature="getAllEmployeesTest()[pri:0, instance:oauthTest.GetStudents@642ee49c]" started-at="2023-07-15T05:01:20Z" name="getAllEmployeesTest" finished-at="2023-07-15T05:01:20Z" duration-ms="135" status="PASS">
          <reporter-output>
          </reporter-output>
        </test-method> <!-- getAllEmployeesTest -->
        <test-method signature="getAllEmployeesTest1()[pri:0, instance:oauthTest.GetStudents@642ee49c]" started-at="2023-07-15T05:01:20Z" name="getAllEmployeesTest1" finished-at="2023-07-15T05:01:20Z" duration-ms="31" status="PASS">
          <reporter-output>
          </reporter-output>
        </test-method> <!-- getAllEmployeesTest1 -->
      </class> <!-- oauthTest.GetStudents -->
    </test> <!-- Default test -->
  </suite> <!-- Default suite -->
</testng-results>
